{"/home/saymon/Backup/Portifolio/Hematology-App-with-Carbon-Design-System/shell/shell-mf/src/assets/icons/Google.jsx": {"path":"/home/saymon/Backup/Portifolio/Hematology-App-with-Carbon-Design-System/shell/shell-mf/src/assets/icons/Google.jsx","statementMap":{"0":{"start":{"line":3,"column":15},"end":{"line":25,"column":1}},"1":{"start":{"line":4,"column":2},"end":{"line":24,"column":4}}},"fnMap":{"0":{"name":"(anonymous_0)","decl":{"start":{"line":3,"column":15},"end":{"line":3,"column":16}},"loc":{"start":{"line":3,"column":21},"end":{"line":25,"column":1}},"line":3}},"branchMap":{},"s":{"0":1,"1":0},"f":{"0":0},"b":{},"_coverageSchema":"1a1c01bbd47fc00a2c39e90264f33305004495a9","hash":"eeeac805d74cda3d68df0e104968cfd0fc15f9b0"}
,"/home/saymon/Backup/Portifolio/Hematology-App-with-Carbon-Design-System/shell/shell-mf/src/assets/icons/Outlook.jsx": {"path":"/home/saymon/Backup/Portifolio/Hematology-App-with-Carbon-Design-System/shell/shell-mf/src/assets/icons/Outlook.jsx","statementMap":{"0":{"start":{"line":3,"column":16},"end":{"line":21,"column":1}},"1":{"start":{"line":4,"column":2},"end":{"line":20,"column":4}}},"fnMap":{"0":{"name":"(anonymous_0)","decl":{"start":{"line":3,"column":16},"end":{"line":3,"column":17}},"loc":{"start":{"line":3,"column":22},"end":{"line":21,"column":1}},"line":3}},"branchMap":{},"s":{"0":1,"1":0},"f":{"0":0},"b":{},"_coverageSchema":"1a1c01bbd47fc00a2c39e90264f33305004495a9","hash":"9fd6d266513d83920a91af99197a0232a4edc5fe"}
,"/home/saymon/Backup/Portifolio/Hematology-App-with-Carbon-Design-System/shell/shell-mf/src/components/email-input/EmailInput.jsx": {"path":"/home/saymon/Backup/Portifolio/Hematology-App-with-Carbon-Design-System/shell/shell-mf/src/components/email-input/EmailInput.jsx","statementMap":{"0":{"start":{"line":18,"column":19},"end":{"line":110,"column":1}},"1":{"start":{"line":19,"column":57},"end":{"line":19,"column":62}},"2":{"start":{"line":20,"column":28},"end":{"line":23,"column":4}},"3":{"start":{"line":25,"column":22},"end":{"line":31,"column":3}},"4":{"start":{"line":26,"column":4},"end":{"line":30,"column":7}},"5":{"start":{"line":32,"column":21},"end":{"line":49,"column":3}},"6":{"start":{"line":33,"column":4},"end":{"line":48,"column":5}},"7":{"start":{"line":34,"column":6},"end":{"line":37,"column":9}},"8":{"start":{"line":38,"column":11},"end":{"line":48,"column":5}},"9":{"start":{"line":39,"column":6},"end":{"line":42,"column":9}},"10":{"start":{"line":44,"column":6},"end":{"line":47,"column":9}},"11":{"start":{"line":50,"column":32},"end":{"line":50,"column":88}},"12":{"start":{"line":52,"column":2},"end":{"line":109,"column":4}}},"fnMap":{"0":{"name":"(anonymous_0)","decl":{"start":{"line":18,"column":19},"end":{"line":18,"column":20}},"loc":{"start":{"line":18,"column":30},"end":{"line":110,"column":1}},"line":18},"1":{"name":"(anonymous_1)","decl":{"start":{"line":25,"column":22},"end":{"line":25,"column":23}},"loc":{"start":{"line":25,"column":28},"end":{"line":31,"column":3}},"line":25},"2":{"name":"(anonymous_2)","decl":{"start":{"line":32,"column":21},"end":{"line":32,"column":22}},"loc":{"start":{"line":32,"column":27},"end":{"line":49,"column":3}},"line":32}},"branchMap":{"0":{"loc":{"start":{"line":33,"column":4},"end":{"line":48,"column":5}},"type":"if","locations":[{"start":{"line":33,"column":4},"end":{"line":48,"column":5}},{"start":{"line":38,"column":11},"end":{"line":48,"column":5}}],"line":33},"1":{"loc":{"start":{"line":38,"column":11},"end":{"line":48,"column":5}},"type":"if","locations":[{"start":{"line":38,"column":11},"end":{"line":48,"column":5}},{"start":{"line":43,"column":11},"end":{"line":48,"column":5}}],"line":38},"2":{"loc":{"start":{"line":50,"column":32},"end":{"line":50,"column":88}},"type":"binary-expr","locations":[{"start":{"line":50,"column":32},"end":{"line":50,"column":58}},{"start":{"line":50,"column":62},"end":{"line":50,"column":88}}],"line":50}},"s":{"0":1,"1":0,"2":0,"3":0,"4":0,"5":0,"6":0,"7":0,"8":0,"9":0,"10":0,"11":0,"12":0},"f":{"0":0,"1":0,"2":0},"b":{"0":[0,0],"1":[0,0],"2":[0,0]},"_coverageSchema":"1a1c01bbd47fc00a2c39e90264f33305004495a9","hash":"d498ac0baf01ed98d413952a6277ec726f93ee78"}
,"/home/saymon/Backup/Portifolio/Hematology-App-with-Carbon-Design-System/shell/shell-mf/src/utils/validateEmail.js": {"path":"/home/saymon/Backup/Portifolio/Hematology-App-with-Carbon-Design-System/shell/shell-mf/src/utils/validateEmail.js","statementMap":{"0":{"start":{"line":1,"column":29},"end":{"line":6,"column":1}},"1":{"start":{"line":2,"column":2},"end":{"line":4,"column":3}},"2":{"start":{"line":3,"column":4},"end":{"line":3,"column":17}},"3":{"start":{"line":5,"column":2},"end":{"line":5,"column":67}}},"fnMap":{"0":{"name":"(anonymous_0)","decl":{"start":{"line":1,"column":29},"end":{"line":1,"column":30}},"loc":{"start":{"line":1,"column":40},"end":{"line":6,"column":1}},"line":1}},"branchMap":{"0":{"loc":{"start":{"line":2,"column":2},"end":{"line":4,"column":3}},"type":"if","locations":[{"start":{"line":2,"column":2},"end":{"line":4,"column":3}},{"start":{},"end":{}}],"line":2}},"s":{"0":1,"1":0,"2":0,"3":0},"f":{"0":0},"b":{"0":[0,0]},"_coverageSchema":"1a1c01bbd47fc00a2c39e90264f33305004495a9","hash":"3585f1aefdb2c458c18f271873f0d89ac655733e"}
}
