<?xml version="1.0" encoding="UTF-8"?>
<coverage generated="1693782176529" clover="3.2.0">
  <project timestamp="1693782176530" name="All files">
    <metrics statements="38" coveredstatements="4" conditionals="6" coveredconditionals="0" methods="26" coveredmethods="1" elements="70" coveredelements="5" complexity="0" loc="38" ncloc="38" packages="3" files="4" classes="4"/>
    <package name="components.password-input">
      <metrics statements="27" coveredstatements="1" conditionals="6" coveredconditionals="0" methods="11" coveredmethods="0"/>
      <file name="PasswordInputField.jsx" path="/home/saymon/Backup/Portifolio/Hematology-App-with-Carbon-Design-System/frontend/src/components/password-input/PasswordInputField.jsx">
        <metrics statements="27" coveredstatements="1" conditionals="6" coveredconditionals="0" methods="11" coveredmethods="0"/>
        <line num="17" count="1" type="stmt"/>
        <line num="18" count="0" type="stmt"/>
        <line num="19" count="0" type="stmt"/>
        <line num="20" count="0" type="stmt"/>
        <line num="21" count="0" type="stmt"/>
        <line num="23" count="0" type="stmt"/>
        <line num="24" count="0" type="stmt"/>
        <line num="26" count="0" type="stmt"/>
        <line num="27" count="0" type="stmt"/>
        <line num="29" count="0" type="stmt"/>
        <line num="30" count="0" type="stmt"/>
        <line num="33" count="0" type="stmt"/>
        <line num="34" count="0" type="stmt"/>
        <line num="37" count="0" type="stmt"/>
        <line num="38" count="0" type="cond" truecount="0" falsecount="2"/>
        <line num="39" count="0" type="cond" truecount="0" falsecount="2"/>
        <line num="40" count="0" type="stmt"/>
        <line num="42" count="0" type="stmt"/>
        <line num="43" count="0" type="stmt"/>
        <line num="46" count="0" type="stmt"/>
        <line num="49" count="0" type="stmt"/>
        <line num="50" count="0" type="stmt"/>
        <line num="51" count="0" type="stmt"/>
        <line num="54" count="0" type="stmt"/>
        <line num="55" count="0" type="stmt"/>
        <line num="58" count="0" type="cond" truecount="0" falsecount="2"/>
        <line num="60" count="0" type="stmt"/>
      </file>
    </package>
    <package name="store">
      <metrics statements="7" coveredstatements="1" conditionals="0" coveredconditionals="0" methods="13" coveredmethods="1"/>
      <file name="useLoginPanelStore.js" path="/home/saymon/Backup/Portifolio/Hematology-App-with-Carbon-Design-System/frontend/src/store/useLoginPanelStore.js">
        <metrics statements="7" coveredstatements="1" conditionals="0" coveredconditionals="0" methods="13" coveredmethods="1"/>
        <line num="3" count="1" type="stmt"/>
        <line num="5" count="0" type="stmt"/>
        <line num="7" count="0" type="stmt"/>
        <line num="9" count="0" type="stmt"/>
        <line num="11" count="0" type="stmt"/>
        <line num="13" count="0" type="stmt"/>
        <line num="15" count="0" type="stmt"/>
      </file>
    </package>
    <package name="utils">
      <metrics statements="4" coveredstatements="2" conditionals="0" coveredconditionals="0" methods="2" coveredmethods="0"/>
      <file name="validateEmail.js" path="/home/saymon/Backup/Portifolio/Hematology-App-with-Carbon-Design-System/frontend/src/utils/validateEmail.js">
        <metrics statements="2" coveredstatements="1" conditionals="0" coveredconditionals="0" methods="1" coveredmethods="0"/>
        <line num="1" count="1" type="stmt"/>
        <line num="2" count="0" type="stmt"/>
      </file>
      <file name="validatePassword.js" path="/home/saymon/Backup/Portifolio/Hematology-App-with-Carbon-Design-System/frontend/src/utils/validatePassword.js">
        <metrics statements="2" coveredstatements="1" conditionals="0" coveredconditionals="0" methods="1" coveredmethods="0"/>
        <line num="1" count="1" type="stmt"/>
        <line num="2" count="0" type="stmt"/>
      </file>
    </package>
  </project>
</coverage>
