{"/home/saymon/Backup/Portifolio/Hematology-App-with-Carbon-Design-System/frontend/src/components/password-input/PasswordInputField.jsx": {"path":"/home/saymon/Backup/Portifolio/Hematology-App-with-Carbon-Design-System/frontend/src/components/password-input/PasswordInputField.jsx","statementMap":{"0":{"start":{"line":17,"column":27},"end":{"line":96,"column":1}},"1":{"start":{"line":18,"column":24},"end":{"line":18,"column":80}},"2":{"start":{"line":18,"column":66},"end":{"line":18,"column":79}},"3":{"start":{"line":19,"column":27},"end":{"line":19,"column":89}},"4":{"start":{"line":19,"column":72},"end":{"line":19,"column":88}},"5":{"start":{"line":20,"column":34},"end":{"line":22,"column":3}},"6":{"start":{"line":21,"column":37},"end":{"line":21,"column":60}},"7":{"start":{"line":23,"column":31},"end":{"line":25,"column":3}},"8":{"start":{"line":24,"column":34},"end":{"line":24,"column":54}},"9":{"start":{"line":26,"column":37},"end":{"line":28,"column":3}},"10":{"start":{"line":27,"column":40},"end":{"line":27,"column":66}},"11":{"start":{"line":29,"column":34},"end":{"line":31,"column":3}},"12":{"start":{"line":30,"column":37},"end":{"line":30,"column":60}},"13":{"start":{"line":33,"column":31},"end":{"line":35,"column":3}},"14":{"start":{"line":34,"column":4},"end":{"line":34,"column":41}},"15":{"start":{"line":37,"column":25},"end":{"line":48,"column":3}},"16":{"start":{"line":38,"column":4},"end":{"line":47,"column":5}},"17":{"start":{"line":39,"column":6},"end":{"line":44,"column":7}},"18":{"start":{"line":40,"column":8},"end":{"line":40,"column":38}},"19":{"start":{"line":42,"column":8},"end":{"line":42,"column":31}},"20":{"start":{"line":43,"column":8},"end":{"line":43,"column":39}},"21":{"start":{"line":46,"column":6},"end":{"line":46,"column":36}},"22":{"start":{"line":49,"column":22},"end":{"line":52,"column":3}},"23":{"start":{"line":50,"column":4},"end":{"line":50,"column":37}},"24":{"start":{"line":51,"column":4},"end":{"line":51,"column":34}},"25":{"start":{"line":54,"column":21},"end":{"line":56,"column":3}},"26":{"start":{"line":55,"column":4},"end":{"line":55,"column":61}},"27":{"start":{"line":58,"column":33},"end":{"line":58,"column":81}},"28":{"start":{"line":60,"column":2},"end":{"line":95,"column":4}}},"fnMap":{"0":{"name":"(anonymous_0)","decl":{"start":{"line":17,"column":27},"end":{"line":17,"column":28}},"loc":{"start":{"line":17,"column":33},"end":{"line":96,"column":1}},"line":17},"1":{"name":"(anonymous_1)","decl":{"start":{"line":18,"column":43},"end":{"line":18,"column":44}},"loc":{"start":{"line":18,"column":66},"end":{"line":18,"column":79}},"line":18},"2":{"name":"(anonymous_2)","decl":{"start":{"line":19,"column":46},"end":{"line":19,"column":47}},"loc":{"start":{"line":19,"column":72},"end":{"line":19,"column":88}},"line":19},"3":{"name":"(anonymous_3)","decl":{"start":{"line":21,"column":4},"end":{"line":21,"column":5}},"loc":{"start":{"line":21,"column":37},"end":{"line":21,"column":60}},"line":21},"4":{"name":"(anonymous_4)","decl":{"start":{"line":24,"column":4},"end":{"line":24,"column":5}},"loc":{"start":{"line":24,"column":34},"end":{"line":24,"column":54}},"line":24},"5":{"name":"(anonymous_5)","decl":{"start":{"line":27,"column":4},"end":{"line":27,"column":5}},"loc":{"start":{"line":27,"column":40},"end":{"line":27,"column":66}},"line":27},"6":{"name":"(anonymous_6)","decl":{"start":{"line":30,"column":4},"end":{"line":30,"column":5}},"loc":{"start":{"line":30,"column":37},"end":{"line":30,"column":60}},"line":30},"7":{"name":"(anonymous_7)","decl":{"start":{"line":33,"column":31},"end":{"line":33,"column":32}},"loc":{"start":{"line":33,"column":42},"end":{"line":35,"column":3}},"line":33},"8":{"name":"(anonymous_8)","decl":{"start":{"line":37,"column":25},"end":{"line":37,"column":26}},"loc":{"start":{"line":37,"column":36},"end":{"line":48,"column":3}},"line":37},"9":{"name":"(anonymous_9)","decl":{"start":{"line":49,"column":22},"end":{"line":49,"column":23}},"loc":{"start":{"line":49,"column":28},"end":{"line":52,"column":3}},"line":49},"10":{"name":"(anonymous_10)","decl":{"start":{"line":54,"column":21},"end":{"line":54,"column":22}},"loc":{"start":{"line":54,"column":27},"end":{"line":56,"column":3}},"line":54}},"branchMap":{"0":{"loc":{"start":{"line":38,"column":4},"end":{"line":47,"column":5}},"type":"if","locations":[{"start":{"line":38,"column":4},"end":{"line":47,"column":5}},{"start":{"line":45,"column":11},"end":{"line":47,"column":5}}],"line":38},"1":{"loc":{"start":{"line":39,"column":6},"end":{"line":44,"column":7}},"type":"if","locations":[{"start":{"line":39,"column":6},"end":{"line":44,"column":7}},{"start":{"line":41,"column":13},"end":{"line":44,"column":7}}],"line":39},"2":{"loc":{"start":{"line":58,"column":33},"end":{"line":58,"column":81}},"type":"binary-expr","locations":[{"start":{"line":58,"column":33},"end":{"line":58,"column":54}},{"start":{"line":58,"column":58},"end":{"line":58,"column":81}}],"line":58}},"s":{"0":1,"1":0,"2":0,"3":0,"4":0,"5":0,"6":0,"7":0,"8":0,"9":0,"10":0,"11":0,"12":0,"13":0,"14":0,"15":0,"16":0,"17":0,"18":0,"19":0,"20":0,"21":0,"22":0,"23":0,"24":0,"25":0,"26":0,"27":0,"28":0},"f":{"0":0,"1":0,"2":0,"3":0,"4":0,"5":0,"6":0,"7":0,"8":0,"9":0,"10":0},"b":{"0":[0,0],"1":[0,0],"2":[0,0]},"_coverageSchema":"1a1c01bbd47fc00a2c39e90264f33305004495a9","hash":"5df1f0332bb347536bd0ce1bb11b5e6f20cfe3b9"}
,"/home/saymon/Backup/Portifolio/Hematology-App-with-Carbon-Design-System/frontend/src/store/useLoginPanelStore.js": {"path":"/home/saymon/Backup/Portifolio/Hematology-App-with-Carbon-Design-System/frontend/src/store/useLoginPanelStore.js","statementMap":{"0":{"start":{"line":3,"column":34},"end":{"line":16,"column":3}},"1":{"start":{"line":3,"column":51},"end":{"line":16,"column":1}},"2":{"start":{"line":5,"column":39},"end":{"line":5,"column":84}},"3":{"start":{"line":5,"column":50},"end":{"line":5,"column":82}},"4":{"start":{"line":7,"column":29},"end":{"line":7,"column":64}},"5":{"start":{"line":7,"column":40},"end":{"line":7,"column":62}},"6":{"start":{"line":9,"column":30},"end":{"line":9,"column":66}},"7":{"start":{"line":9,"column":41},"end":{"line":9,"column":64}},"8":{"start":{"line":11,"column":33},"end":{"line":11,"column":72}},"9":{"start":{"line":11,"column":44},"end":{"line":11,"column":70}},"10":{"start":{"line":13,"column":43},"end":{"line":13,"column":92}},"11":{"start":{"line":13,"column":54},"end":{"line":13,"column":90}},"12":{"start":{"line":15,"column":40},"end":{"line":15,"column":86}},"13":{"start":{"line":15,"column":51},"end":{"line":15,"column":84}}},"fnMap":{"0":{"name":"(anonymous_0)","decl":{"start":{"line":3,"column":41},"end":{"line":3,"column":42}},"loc":{"start":{"line":3,"column":51},"end":{"line":16,"column":1}},"line":3},"1":{"name":"(anonymous_1)","decl":{"start":{"line":5,"column":26},"end":{"line":5,"column":27}},"loc":{"start":{"line":5,"column":39},"end":{"line":5,"column":84}},"line":5},"2":{"name":"(anonymous_2)","decl":{"start":{"line":5,"column":43},"end":{"line":5,"column":44}},"loc":{"start":{"line":5,"column":50},"end":{"line":5,"column":82}},"line":5},"3":{"name":"(anonymous_3)","decl":{"start":{"line":7,"column":16},"end":{"line":7,"column":17}},"loc":{"start":{"line":7,"column":29},"end":{"line":7,"column":64}},"line":7},"4":{"name":"(anonymous_4)","decl":{"start":{"line":7,"column":33},"end":{"line":7,"column":34}},"loc":{"start":{"line":7,"column":40},"end":{"line":7,"column":62}},"line":7},"5":{"name":"(anonymous_5)","decl":{"start":{"line":9,"column":17},"end":{"line":9,"column":18}},"loc":{"start":{"line":9,"column":30},"end":{"line":9,"column":66}},"line":9},"6":{"name":"(anonymous_6)","decl":{"start":{"line":9,"column":34},"end":{"line":9,"column":35}},"loc":{"start":{"line":9,"column":41},"end":{"line":9,"column":64}},"line":9},"7":{"name":"(anonymous_7)","decl":{"start":{"line":11,"column":20},"end":{"line":11,"column":21}},"loc":{"start":{"line":11,"column":33},"end":{"line":11,"column":72}},"line":11},"8":{"name":"(anonymous_8)","decl":{"start":{"line":11,"column":37},"end":{"line":11,"column":38}},"loc":{"start":{"line":11,"column":44},"end":{"line":11,"column":70}},"line":11},"9":{"name":"(anonymous_9)","decl":{"start":{"line":13,"column":30},"end":{"line":13,"column":31}},"loc":{"start":{"line":13,"column":43},"end":{"line":13,"column":92}},"line":13},"10":{"name":"(anonymous_10)","decl":{"start":{"line":13,"column":47},"end":{"line":13,"column":48}},"loc":{"start":{"line":13,"column":54},"end":{"line":13,"column":90}},"line":13},"11":{"name":"(anonymous_11)","decl":{"start":{"line":15,"column":27},"end":{"line":15,"column":28}},"loc":{"start":{"line":15,"column":40},"end":{"line":15,"column":86}},"line":15},"12":{"name":"(anonymous_12)","decl":{"start":{"line":15,"column":44},"end":{"line":15,"column":45}},"loc":{"start":{"line":15,"column":51},"end":{"line":15,"column":84}},"line":15}},"branchMap":{},"s":{"0":1,"1":1,"2":0,"3":0,"4":0,"5":0,"6":0,"7":0,"8":0,"9":0,"10":0,"11":0,"12":0,"13":0},"f":{"0":1,"1":0,"2":0,"3":0,"4":0,"5":0,"6":0,"7":0,"8":0,"9":0,"10":0,"11":0,"12":0},"b":{},"_coverageSchema":"1a1c01bbd47fc00a2c39e90264f33305004495a9","hash":"4306ca1017724934748d0b80ef8aafeacf315e10"}
,"/home/saymon/Backup/Portifolio/Hematology-App-with-Carbon-Design-System/frontend/src/utils/validateEmail.js": {"path":"/home/saymon/Backup/Portifolio/Hematology-App-with-Carbon-Design-System/frontend/src/utils/validateEmail.js","statementMap":{"0":{"start":{"line":1,"column":29},"end":{"line":3,"column":1}},"1":{"start":{"line":2,"column":2},"end":{"line":2,"column":70}}},"fnMap":{"0":{"name":"(anonymous_0)","decl":{"start":{"line":1,"column":29},"end":{"line":1,"column":30}},"loc":{"start":{"line":1,"column":40},"end":{"line":3,"column":1}},"line":1}},"branchMap":{},"s":{"0":1,"1":0},"f":{"0":0},"b":{},"_coverageSchema":"1a1c01bbd47fc00a2c39e90264f33305004495a9","hash":"f0cea993484caf85417f831ab91be1e775798ab4"}
,"/home/saymon/Backup/Portifolio/Hematology-App-with-Carbon-Design-System/frontend/src/utils/validatePassword.js": {"path":"/home/saymon/Backup/Portifolio/Hematology-App-with-Carbon-Design-System/frontend/src/utils/validatePassword.js","statementMap":{"0":{"start":{"line":1,"column":32},"end":{"line":3,"column":1}},"1":{"start":{"line":2,"column":2},"end":{"line":2,"column":31}}},"fnMap":{"0":{"name":"(anonymous_0)","decl":{"start":{"line":1,"column":32},"end":{"line":1,"column":33}},"loc":{"start":{"line":1,"column":46},"end":{"line":3,"column":1}},"line":1}},"branchMap":{},"s":{"0":1,"1":0},"f":{"0":0},"b":{},"_coverageSchema":"1a1c01bbd47fc00a2c39e90264f33305004495a9","hash":"7f4278e9262503aa8ac7e5a8427aa57c11753e2a"}
}
